<?xml version="1.0" encoding="UTF-8"?>
<!-- Generated by org.testng.reporters.JUnitReportReporter -->
<testsuite hostname="TKonstantinov" name="com.dataart.selenium.tests.JSTest" tests="1" failures="0" timestamp="24 Oct 2013 08:48:15 GMT" time="0.651" errors="0">
  <testcase name="findPositionTest" time="0.651" classname="com.dataart.selenium.tests.JSTest"/>
</testsuite> <!-- com.dataart.selenium.tests.JSTest -->
