<?xml version="1.0" encoding="UTF-8"?>
<!-- Generated by org.testng.reporters.JUnitReportReporter -->
<testsuite hostname="TKonstantinov" name="com.dataart.selenium.tests.LoginTest" tests="3" failures="0" timestamp="24 Oct 2013 08:48:15 GMT" time="1.461" errors="0">
  <testcase name="incorrectLoginTest" time="0.413" classname="com.dataart.selenium.tests.LoginTest"/>
  <testcase name="correctLoginTest" time="0.484" classname="com.dataart.selenium.tests.LoginTest"/>
  <testcase name="incorrectThenCorrectTest" time="0.564" classname="com.dataart.selenium.tests.LoginTest"/>
</testsuite> <!-- com.dataart.selenium.tests.LoginTest -->
