<?xml version="1.0" encoding="UTF-8"?>
<!-- Generated by org.testng.reporters.JUnitReportReporter -->
<testsuite hostname="TKonstantinov" name="com.dataart.selenium.tests.ApplicationTest" tests="6" failures="0" timestamp="24 Oct 2013 08:48:15 GMT" time="6.623" errors="0">
  <testcase name="createAppWithImageAndIconTest" time="1.705" classname="com.dataart.selenium.tests.ApplicationTest"/>
  <testcase name="deleteAppAndVerifyRemoved" time="0.759" classname="com.dataart.selenium.tests.ApplicationTest"/>
  <testcase name="createAppDownloadAndVerifyPopular" time="1.792" classname="com.dataart.selenium.tests.ApplicationTest"/>
  <testcase name="verifyCorrespondingAppValuesTest" time="0.655" classname="com.dataart.selenium.tests.ApplicationTest"/>
  <testcase name="createAppWithoutImagesTest" time="0.905" classname="com.dataart.selenium.tests.ApplicationTest"/>
  <testcase name="editAppWithoutImagesAndVerifyChangesTest" time="0.807" classname="com.dataart.selenium.tests.ApplicationTest"/>
</testsuite> <!-- com.dataart.selenium.tests.ApplicationTest -->
