<?xml version="1.0" encoding="UTF-8"?>
<!-- Generated by org.testng.reporters.JUnitReportReporter -->
<testsuite hostname="TKonstantinov" name="com.dataart.selenium.tests.AjaxTest" tests="2" failures="0" timestamp="24 Oct 2013 08:48:15 GMT" time="10.356" errors="0">
  <testcase name="sumNumbersAndCheckResultTest" time="5.418" classname="com.dataart.selenium.tests.AjaxTest"/>
  <testcase name="sumStringAndCheckIncorrectResultTest" time="4.938" classname="com.dataart.selenium.tests.AjaxTest"/>
</testsuite> <!-- com.dataart.selenium.tests.AjaxTest -->
