<?xml version="1.0" encoding="UTF-8"?>
<!-- Generated by org.testng.reporters.JUnitReportReporter -->
<testsuite hostname="TKonstantinov" name="com.dataart.selenium.tests.LoginValidInvalidTest" tests="2" failures="0" timestamp="24 Oct 2013 08:48:15 GMT" time="0.906" errors="0">
  <testcase name="correctLoginTest" time="0.498" classname="com.dataart.selenium.tests.LoginValidInvalidTest"/>
  <testcase name="incorrectPasswordLoginTest" time="0.408" classname="com.dataart.selenium.tests.LoginValidInvalidTest"/>
</testsuite> <!-- com.dataart.selenium.tests.LoginValidInvalidTest -->
