<?xml version="1.0" encoding="UTF-8"?>
<!-- Generated by org.testng.reporters.JUnitReportReporter -->
<testsuite hostname="TKonstantinov" name="com.dataart.selenium.tests.RegistrationTest" tests="4" failures="0" timestamp="24 Oct 2013 08:48:15 GMT" time="3.855" errors="0">
  <testcase name="registerUserAndVerifySeeAplicationTest" time="0.926" classname="com.dataart.selenium.tests.RegistrationTest"/>
  <testcase name="registerAndVerifyUserTest" time="0.749" classname="com.dataart.selenium.tests.RegistrationTest"/>
  <testcase name="registerLogoutAndVerifyLoginUserTest" time="1.306" classname="com.dataart.selenium.tests.RegistrationTest"/>
  <testcase name="registerDevAndVerifyUploadPageTest" time="0.874" classname="com.dataart.selenium.tests.RegistrationTest"/>
</testsuite> <!-- com.dataart.selenium.tests.RegistrationTest -->
